Traceback (most recent call last):
  File "G:\My Drive\lakshyaclasses\content\download_ncert_books.py", line 47, in <module>
    wait.until(lambda d: len(Select(d.find_element(By.ID, "subject")).options) > 1)
  File "C:\Python312\Lib\site-packages\selenium\webdriver\support\wait.py", line 138, in until
    raise TimeoutException(message, screen, stacktrace)
selenium.common.exceptions.TimeoutException: Message: 
Stacktrace:
	GetHandleVerifier [0x0x10ffe83+66515]
	GetHandleVerifier [0x0x10ffec4+66580]
	(No symbol) [0x0xeedc48]
	(No symbol) [0x0xf38704]
	(No symbol) [0x0xf38aab]
	(No symbol) [0x0xf7f482]
	(No symbol) [0x0xf5b214]
	(No symbol) [0x0xf7cba7]
	(No symbol) [0x0xf5afc6]
	(No symbol) [0x0xf2c2ca]
	(No symbol) [0x0xf2d154]
	GetHandleVerifier [0x0x13573b3+2521347]
	GetHandleVerifier [0x0x1352333+2500739]
	GetHandleVerifier [0x0x1127cd4+229924]
	GetHandleVerifier [0x0x1118238+165768]
	GetHandleVerifier [0x0x111eced+193085]
	GetHandleVerifier [0x0x1108198+100072]
	GetHandleVerifier [0x0x1108330+100480]
	GetHandleVerifier [0x0x10f25ea+11066]
	BaseThreadInitThunk [0x0x7592fcc9+25]
	RtlGetAppContainerNamedObjectPath [0x0x76f582ae+286]
	RtlGetAppContainerNamedObjectPath [0x0x76f5827e+238]

